\BOOKMARK [0][-]{chapter.1}{Introducci\363n}{}% 1
\BOOKMARK [1][-]{section.1.1}{introducci\363n}{chapter.1}% 2
\BOOKMARK [1][-]{section.1.2}{Publicaciones de Apoyo}{chapter.1}% 3
\BOOKMARK [1][-]{section.1.3}{Motivaci\363n}{chapter.1}% 4
\BOOKMARK [1][-]{section.1.4}{Soluci\363n propuesta y contribuci\363n}{chapter.1}% 5
\BOOKMARK [2][-]{subsection.1.4.1}{Primera noci\363n de los elementos intervinientes en la soluci\363n}{section.1.4}% 6
\BOOKMARK [1][-]{section.1.5}{Limitaciones}{chapter.1}% 7
\BOOKMARK [1][-]{section.1.6}{Organizaci\363n del documento}{chapter.1}% 8
\BOOKMARK [0][-]{chapter.2}{Dispositivo Hipermedial Din\341mico: Marco General}{}% 9
\BOOKMARK [1][-]{section.2.1}{Introducci\363n}{chapter.2}% 10
\BOOKMARK [2][-]{subsection.2.1.1}{El plano de las interacciones del DHD}{section.2.1}% 11
\BOOKMARK [3][-]{subsubsection.2.1.1.1}{Las interacciones}{subsection.2.1.1}% 12
\BOOKMARK [2][-]{subsection.2.1.2}{El plano sist\351mico del DHD}{section.2.1}% 13
\BOOKMARK [3][-]{subsubsection.2.1.2.1}{Dinamismo sist\351mico del DHD}{subsection.2.1.2}% 14
\BOOKMARK [2][-]{subsection.2.1.3}{El plano de la Ingenier\355a Computacional del DHD}{section.2.1}% 15
\BOOKMARK [3][-]{subsubsection.2.1.3.1}{Campo te\363rico-metodol\363gico interdisciplinario del DHD}{subsection.2.1.3}% 16
\BOOKMARK [1][-]{section.2.2}{Requerimientos DHD}{chapter.2}% 17
\BOOKMARK [2][-]{subsection.2.2.1}{Breves antecedentes sobre el tratamiento de requerimientos 2}{section.2.2}% 18
\BOOKMARK [3][-]{subsubsection.2.2.1.1}{Captura de requisitos para los DHD}{subsection.2.2.1}% 19
\BOOKMARK [2][-]{subsection.2.2.2}{Abstracci\363n para el refinamiento de los RequerimientosDHD}{section.2.2}% 20
\BOOKMARK [1][-]{section.2.3}{Conclusiones}{chapter.2}% 21
\BOOKMARK [0][-]{chapter.3}{Estado del Arte}{}% 22
\BOOKMARK [1][-]{section.3.1}{Introducci\363n}{chapter.3}% 23
\BOOKMARK [1][-]{section.3.2}{Contexto en el DHD}{chapter.3}% 24
\BOOKMARK [2][-]{subsection.3.2.1}{Caracterizaci\363n del Contexto}{section.3.2}% 25
\BOOKMARK [3][-]{subsubsection.3.2.1.1}{Origen del contexto en el DHD}{subsection.3.2.1}% 26
\BOOKMARK [3][-]{subsubsection.3.2.1.2}{Modelado del contexto}{subsection.3.2.1}% 27
\BOOKMARK [3][-]{subsubsection.3.2.1.3}{ContextoDHD: Contexto para los servicios DHD}{subsection.3.2.1}% 28
\BOOKMARK [4][-]{section*.1}{Fuentes de la informaci\363n de contexto}{subsubsection.3.2.1.3}% 29
\BOOKMARK [4][-]{section*.2}{Contexto para los servicios de reconfiguraci\363n}{subsubsection.3.2.1.3}% 30
\BOOKMARK [4][-]{section*.3}{Modelado de la sensibilidad del contexto}{subsubsection.3.2.1.3}% 31
\BOOKMARK [5][-]{section*.4}{Mecanismos de Envolturas}{section*.3}% 32
\BOOKMARK [5][-]{section*.5}{Mecanismos de Ejecuci\363n}{section*.3}% 33
\BOOKMARK [1][-]{section.3.3}{Sistemas Sensibles al Contexto}{chapter.3}% 34
\BOOKMARK [2][-]{subsection.3.3.1}{Propuestas para la Identificaci\363n del Contexto}{section.3.3}% 35
\BOOKMARK [2][-]{subsection.3.3.2}{Visiones en la perspectiva hist\363rica}{section.3.3}% 36
\BOOKMARK [3][-]{section*.6}{Vannevar Bush's Memex \(1945\)}{subsection.3.3.2}% 37
\BOOKMARK [4][-]{section*.7}{Alan Kay's Dynabook \(circa 1977\)}{section*.6}% 38
\BOOKMARK [4][-]{section*.8}{Mark Weiser; \215The Computer for the 21st Century \(1991\)}{section*.6}% 39
\BOOKMARK [4][-]{section*.9}{Bill Schillit: \215Context-Aware Computing Applications\216 \(1994\)}{section*.6}% 40
\BOOKMARK [4][-]{section*.10}{Don Norman: \215The invisible Computer\216 \(1998\)}{section*.6}% 41
\BOOKMARK [1][-]{section.3.4}{Componentes bases para los Sistemas Sensibles al Contexto}{chapter.3}% 42
\BOOKMARK [2][-]{subsection.3.4.1}{Context Toolkit}{section.3.4}% 43
\BOOKMARK [2][-]{subsection.3.4.2}{Proyecto UWA}{section.3.4}% 44
\BOOKMARK [3][-]{section*.11}{Goal}{subsection.3.4.2}% 45
\BOOKMARK [4][-]{section*.12}{Service}{section*.11}% 46
\BOOKMARK [4][-]{section*.13}{Environment}{section*.11}% 47
\BOOKMARK [4][-]{section*.14}{Context}{section*.11}% 48
\BOOKMARK [4][-]{section*.15}{Profiles}{section*.11}% 49
\BOOKMARK [4][-]{section*.16}{Requirements}{section*.11}% 50
\BOOKMARK [4][-]{section*.17}{Application}{section*.11}% 51
\BOOKMARK [4][-]{section*.18}{Customisation Rules}{section*.11}% 52
\BOOKMARK [4][-]{section*.19}{The Meta Level}{section*.11}% 53
\BOOKMARK [1][-]{section.3.5}{Desde la perspectiva de la Ingenier\355a de Software}{chapter.3}% 54
\BOOKMARK [1][-]{section.3.6}{Conclusiones}{chapter.3}% 55
\BOOKMARK [0][-]{chapter.4}{arqDHD: Arquitectura de Software para los Dispositivos Hipermediales Din\341micos}{}% 56
\BOOKMARK [1][-]{section.4.1}{Introducci\363n}{chapter.4}% 57
\BOOKMARK [1][-]{section.4.2}{Conceptos Fundamentales}{chapter.4}% 58
\BOOKMARK [2][-]{subsection.4.2.1}{ComponenteDHD}{section.4.2}% 59
\BOOKMARK [2][-]{subsection.4.2.2}{ConectorDHD}{section.4.2}% 60
\BOOKMARK [2][-]{subsection.4.2.3}{PuertoDHD}{section.4.2}% 61
\BOOKMARK [1][-]{section.4.3}{Visi\363n arquitect\363nica de los DHD}{chapter.4}% 62
\BOOKMARK [2][-]{subsection.4.3.1}{Propuestas de Arquitectura del Software para los DHD}{section.4.3}% 63
\BOOKMARK [2][-]{subsection.4.3.2}{Propuestas basadas en el Desarrollo Dirigido por Modelos para Aplicaciones Web}{section.4.3}% 64
\BOOKMARK [2][-]{subsection.4.3.3}{Estilo Arquitect\363nico}{section.4.3}% 65
\BOOKMARK [2][-]{subsection.4.3.4}{\301rea de construcci\363n de la arqDHD}{section.4.3}% 66
\BOOKMARK [1][-]{section.4.4}{El contrato como conector}{chapter.4}% 67
\BOOKMARK [2][-]{subsubsection.4.4.0.1}{Perspectiva de modelado}{section.4.4}% 68
\BOOKMARK [2][-]{subsection.4.4.1}{Los conectores en entornos adaptativos}{section.4.4}% 69
\BOOKMARK [1][-]{section.4.5}{Tipos de Dinamismo}{chapter.4}% 70
\BOOKMARK [2][-]{subsection.4.5.1}{Reconfiguraci\363n Din\341mica}{section.4.5}% 71
\BOOKMARK [2][-]{subsection.4.5.2}{Tipos de Reconfiguraci\363n}{section.4.5}% 72
\BOOKMARK [2][-]{subsection.4.5.3}{Operaciones B\341sicas de Reconfiguraci\363n}{section.4.5}% 73
\BOOKMARK [1][-]{section.4.6}{Descripci\363n arquitect\363nica de los DHD}{chapter.4}% 74
\BOOKMARK [2][-]{subsection.4.6.1}{Dise\361o para la inyecci\363n}{section.4.6}% 75
\BOOKMARK [3][-]{subsubsection.4.6.1.1}{Enfoque partiendo de Framework e-learnig originales}{subsection.4.6.1}% 76
\BOOKMARK [3][-]{subsubsection.4.6.1.2}{\301reas de integraci\363n}{subsection.4.6.1}% 77
\BOOKMARK [1][-]{section.4.7}{Conclusiones}{chapter.4}% 78
\BOOKMARK [0][-]{chapter.5}{Contratos sensibles al contexto}{}% 79
\BOOKMARK [1][-]{section.5.1}{Introducci\363n}{chapter.5}% 80
\BOOKMARK [1][-]{section.5.2}{Hacia la definici\363n de ContratoDHD}{chapter.5}% 81
\BOOKMARK [1][-]{section.5.3}{ContratosDHD: Contratos sensibles al contexto para el DHD}{chapter.5}% 82
\BOOKMARK [2][-]{subsection.5.3.1}{Sistema que proveen soportes para el desarrollo de software basado en contratos}{section.5.3}% 83
\BOOKMARK [2][-]{subsection.5.3.2}{Componentes esenciales de los contratos sensibles al contexto}{section.5.3}% 84
\BOOKMARK [2][-]{subsection.5.3.3}{Una implementaci\363n del subsistema para CEC\0431}{section.5.3}% 85
\BOOKMARK [3][-]{subsubsection.5.3.3.1}{Infraestructura para serviciosDHD}{subsection.5.3.3}% 86
\BOOKMARK [2][-]{subsection.5.3.4}{Coordinaci\363n de los contratos sensibles al contexto}{section.5.3}% 87
\BOOKMARK [3][-]{subsubsection.5.3.4.1}{Coordinaci\363n}{subsection.5.3.4}% 88
\BOOKMARK [1][-]{section.5.4}{Condicionales especiales para las reglas de los contratos}{chapter.5}% 89
\BOOKMARK [2][-]{subsection.5.4.1}{MCondicionales}{section.5.4}% 90
\BOOKMARK [3][-]{subsubsection.5.4.1.1}{Modelo de integraci\363n}{subsection.5.4.1}% 91
\BOOKMARK [2][-]{subsection.5.4.2}{DMCondicionales}{section.5.4}% 92
\BOOKMARK [3][-]{subsubsection.5.4.2.1}{Modelo de integraci\363n}{subsection.5.4.2}% 93
\BOOKMARK [4][-]{section*.20}{Mecanismo de comunicaci\363n}{subsubsection.5.4.2.1}% 94
\BOOKMARK [4][-]{section*.21}{Caso de uso}{subsubsection.5.4.2.1}% 95
\BOOKMARK [1][-]{section.5.5}{Conclusiones}{chapter.5}% 96
\BOOKMARK [0][-]{chapter.6}{Framewrok to implemet context aware contract in e-learning environment}{}% 97
\BOOKMARK [1][-]{section.6.1}{Introductions}{chapter.6}% 98
\BOOKMARK [1][-]{section.6.2}{E-Learning Frameworks}{chapter.6}% 99
\BOOKMARK [1][-]{section.6.3}{Context Aware Contract Frameworks}{chapter.6}% 100
\BOOKMARK [2][-]{subsection.6.3.1}{Coordination Contract Framework}{section.6.3}% 101
\BOOKMARK [2][-]{subsection.6.3.2}{DHD Framework}{section.6.3}% 102
\BOOKMARK [0][-]{chapter.7}{Implementaciones del framework DHD: Casos de usos}{}% 103
\BOOKMARK [1][-]{section.7.1}{Introducci\363n}{chapter.7}% 104
\BOOKMARK [1][-]{section.7.2}{Usos de los contratos sensibles al contexto: Evidencias en el uso de entornos E-learning}{chapter.7}% 105
\BOOKMARK [2][-]{subsection.7.2.1}{Contratos context-Aware para transacciones en los DHD}{section.7.2}% 106
\BOOKMARK [3][-]{subsubsection.7.2.1.1}{Elementos de la componente contrato}{subsection.7.2.1}% 107
\BOOKMARK [2][-]{subsection.7.2.2}{Documentaci\363n de los DHD procesos}{section.7.2}% 108
\BOOKMARK [2][-]{subsection.7.2.3}{UWATc+: una adaptaci\363n de UWAT+ para el modelado de DHD procesos }{section.7.2}% 109
\BOOKMARK [3][-]{subsubsection.7.2.3.1}{Requerimientos para el dise\361o de DHD Transacciones}{subsection.7.2.3}% 110
\BOOKMARK [2][-]{subsection.7.2.4}{Dise\361o de procesos e-learning con UWATc+}{section.7.2}% 111
\BOOKMARK [3][-]{subsubsection.7.2.4.1}{Determinaci\363n de Requerimientos}{subsection.7.2.4}% 112
\BOOKMARK [3][-]{subsubsection.7.2.4.2}{Dise\361o de DHD-Transacciones}{subsection.7.2.4}% 113
\BOOKMARK [3][-]{subsubsection.7.2.4.3}{Diagrama de un Contrato}{subsection.7.2.4}% 114
\BOOKMARK [1][-]{section.7.3}{Desarrollos Context Aware en el campo del sonido}{chapter.7}% 115
\BOOKMARK [2][-]{subsection.7.3.1}{Conclusi\363n}{section.7.3}% 116
\BOOKMARK [1][-]{section.7.4}{DHD: Prototipo experimental}{chapter.7}% 117
\BOOKMARK [1][-]{section.7.5}{Intervenci\363n del DHDCca en un modelo de simulaci\363n DEVS para DHD}{chapter.7}% 118
\BOOKMARK [2][-]{subsection.7.5.1}{Construcci\363n de m\351tricas para el DHD}{section.7.5}% 119
\BOOKMARK [2][-]{subsection.7.5.2}{Integraci\363n en el modelo DEVS}{section.7.5}% 120
\BOOKMARK [3][-]{subsubsection.7.5.2.1}{Condicionales para la coordinaci\363n de contratos}{subsection.7.5.2}% 121
\BOOKMARK [3][-]{subsubsection.7.5.2.2}{Modelo conceptual de integraci\363n}{subsection.7.5.2}% 122
\BOOKMARK [3][-]{subsubsection.7.5.2.3}{Implementaci\363n en un caso de uso}{subsection.7.5.2}% 123
\BOOKMARK [2][-]{subsection.7.5.3}{Consideraciones generales}{section.7.5}% 124
\BOOKMARK [0][-]{chapter.8}{Otras implementaciones de los ContratosDHD}{}% 125
\BOOKMARK [1][-]{section.8.1}{Condicionales DEVS en la coordinaci\363n de contratos sensibles al contexto para los DHD}{chapter.8}% 126
\BOOKMARK [2][-]{subsection.8.1.1}{Introducci\363n}{section.8.1}% 127
\BOOKMARK [2][-]{subsection.8.1.2}{Aspecto tecnol\363gico de los DHD}{section.8.1}% 128
\BOOKMARK [3][-]{subsubsection.8.1.2.1}{Condicionales para la coordinaci\363n de contratos}{subsection.8.1.2}% 129
\BOOKMARK [2][-]{subsection.8.1.3}{Modelo conceptual de integraci\363n}{section.8.1}% 130
\BOOKMARK [2][-]{subsection.8.1.4}{Implementaci\363n en un caso de uso}{section.8.1}% 131
\BOOKMARK [3][-]{subsubsection.8.1.4.1}{Representaci\363n de los Condicionales DEVS a trav\351s de UWATc}{subsection.8.1.4}% 132
\BOOKMARK [3][-]{subsubsection.8.1.4.2}{Ejemplo de ejecuci\363n de la m\351trica en PowerDEVS}{subsection.8.1.4}% 133
\BOOKMARK [2][-]{subsection.8.1.5}{Conclusiones}{section.8.1}% 134
\BOOKMARK [1][-]{section.8.2}{SEPI: una herramienta para el Seguimiento y Evaluaci\363n de Procesos Interactivos del DHD}{chapter.8}% 135
\BOOKMARK [2][-]{subsection.8.2.1}{Introducci\363n}{section.8.2}% 136
\BOOKMARK [2][-]{subsection.8.2.2}{Elementos para la integraci\363n}{section.8.2}% 137
\BOOKMARK [2][-]{subsection.8.2.3}{Modelo conceptual de integraci\363n}{section.8.2}% 138
\BOOKMARK [2][-]{subsection.8.2.4}{Implementaci\363n en un caso de uso}{section.8.2}% 139
\BOOKMARK [3][-]{section*.22}{Paso 1: Escritura y lectura del XML}{subsection.8.2.4}% 140
\BOOKMARK [4][-]{section*.23}{Paso 2: Acceso a la base de datos}{section*.22}% 141
\BOOKMARK [4][-]{section*.24}{Paso 3: Configuraci\363n de coeficientes de la m\351trica}{section*.22}% 142
\BOOKMARK [4][-]{section*.25}{Paso 4: Ejecuci\363n de la simulaci\363n}{section*.22}% 143
\BOOKMARK [4][-]{section*.26}{Paso 5: Lectura de resultados}{section*.22}% 144
\BOOKMARK [4][-]{section*.27}{Paso 6: Insertar valores en los contratos}{section*.22}% 145
\BOOKMARK [2][-]{subsection.8.2.5}{Conclusiones}{section.8.2}% 146
