This is pdfeTeX, Version 3.141592-1.21a-2.2 (Web2C 7.5.4) (format=latex 2007.5.19)  24 JUL 2007 08:31
entering extended mode
**"Requerimientos (otra copia).tex"
(./Requerimientos (otra copia).tex
LaTeX2e <2003/12/01>
Babel <v3.8d> and hyphenation patterns for american, french, german, ngerman, b
ahasa, basque, bulgarian, catalan, croatian, czech, danish, dutch, esperanto, e
stonian, finnish, greek, icelandic, irish, italian, latin, magyar, norsk, polis
h, portuges, romanian, russian, serbian, slovak, slovene, spanish, swedish, tur
kish, ukrainian, nohyphenation, loaded.
(./llncs.cls
Document Class: llncs 2001/08/14 v2.10 
experimental LaTeX document class for Lecture Notes in Computer Science
(/usr/share/texmf-tetex/tex/latex/base/article.cls
Document Class: article 2004/02/16 v1.4f Standard LaTeX document class
(/usr/share/texmf-tetex/tex/latex/base/size10.clo
File: size10.clo 2004/02/16 v1.4f Standard LaTeX file (size option)
)
\c@part=\count79
\c@section=\count80
\c@subsection=\count81
\c@subsubsection=\count82
\c@paragraph=\count83
\c@subparagraph=\count84
\c@figure=\count85
\c@table=\count86
\abovecaptionskip=\skip41
\belowcaptionskip=\skip42
\bibindent=\dimen102
)
(/usr/share/texmf-tetex/tex/latex/tools/multicol.sty
Package: multicol 2004/02/14 v1.6e multicolumn formatting (FMi)
\c@tracingmulticols=\count87
\mult@box=\box26
\multicol@leftmargin=\dimen103
\c@unbalance=\count88
\c@collectmore=\count89
\doublecol@number=\count90
\multicoltolerance=\count91
\multicolpretolerance=\count92
\full@width=\dimen104
\page@free=\dimen105
\premulticols=\dimen106
\postmulticols=\dimen107
\multicolsep=\skip43
\multicolbaselineskip=\skip44
\partial@page=\box27
\last@line=\box28
\mult@rightbox=\box29
\mult@grightbox=\box30
\mult@gfirstbox=\box31
\mult@firstbox=\box32
\@tempa=\box33
\@tempa=\box34
\@tempa=\box35
\@tempa=\box36
\@tempa=\box37
\@tempa=\box38
\@tempa=\box39
\@tempa=\box40
\@tempa=\box41
\@tempa=\box42
\@tempa=\box43
\@tempa=\box44
\@tempa=\box45
\@tempa=\box46
\@tempa=\box47
\@tempa=\box48
\@tempa=\box49
\c@columnbadness=\count93
\c@finalcolumnbadness=\count94
\last@try=\dimen108
\multicolovershoot=\dimen109
\multicolundershoot=\dimen110
\mult@nat@firstbox=\box50
\colbreak@box=\box51
)
\c@chapter=\count95
LaTeX Font Info:    Redeclaring math symbol \Gamma on input line 343.
LaTeX Font Info:    Redeclaring math symbol \Delta on input line 344.
LaTeX Font Info:    Redeclaring math symbol \Theta on input line 345.
LaTeX Font Info:    Redeclaring math symbol \Lambda on input line 346.
LaTeX Font Info:    Redeclaring math symbol \Xi on input line 347.
LaTeX Font Info:    Redeclaring math symbol \Pi on input line 348.
LaTeX Font Info:    Redeclaring math symbol \Sigma on input line 349.
LaTeX Font Info:    Redeclaring math symbol \Upsilon on input line 350.
LaTeX Font Info:    Redeclaring math symbol \Phi on input line 351.
LaTeX Font Info:    Redeclaring math symbol \Psi on input line 352.
LaTeX Font Info:    Redeclaring math symbol \Omega on input line 353.
\tocchpnum=\dimen111
\tocsecnum=\dimen112
\tocsectotal=\dimen113
\tocsubsecnum=\dimen114
\tocsubsectotal=\dimen115
\tocsubsubsecnum=\dimen116
\tocsubsubsectotal=\dimen117
\tocparanum=\dimen118
\tocparatotal=\dimen119
\tocsubparanum=\dimen120
\@tempcntc=\count96
\fnindent=\dimen121
\c@@inst=\count97
\c@@auth=\count98
\c@auco=\count99
\instindent=\dimen122
\authrun=\box52
\authorrunning=\toks14
\tocauthor=\toks15
\titrun=\box53
\titlerunning=\toks16
\toctitle=\toks17
\c@theorem=\count100
\c@case=\count101
\c@conjecture=\count102
\c@corollary=\count103
\c@definition=\count104
\c@example=\count105
\c@exercise=\count106
\c@lemma=\count107
\c@note=\count108
\c@problem=\count109
\c@property=\count110
\c@proposition=\count111
\c@question=\count112
\c@solution=\count113
\c@remark=\count114
\headlineindent=\dimen123
)
(/usr/share/texmf-tetex/tex/latex/base/inputenc.sty
Package: inputenc 2004/02/05 v1.0d Input encoding file

(/usr/share/texmf-tetex/tex/latex/base/utf8.def
File: utf8.def 2004/02/09 v1.1b UTF-8 support for inputenc
Now handling font encoding OML ...
... no UTF-8 mapping file for font encoding OML
Now handling font encoding T1 ...
... processing UTF-8 mapping file for font encoding T1

(/usr/share/texmf-tetex/tex/latex/base/t1enc.dfu
File: t1enc.dfu 2004/02/09 v1.1b UTF-8 support for inputenc
   defining Unicode char U+00A1 (decimal 161)
   defining Unicode char U+00A3 (decimal 163)
   defining Unicode char U+00AB (decimal 171)
   defining Unicode char U+00BB (decimal 187)
   defining Unicode char U+00BF (decimal 191)
   defining Unicode char U+00C0 (decimal 192)
   defining Unicode char U+00C1 (decimal 193)
   defining Unicode char U+00C2 (decimal 194)
   defining Unicode char U+00C3 (decimal 195)
   defining Unicode char U+00C4 (decimal 196)
   defining Unicode char U+00C5 (decimal 197)
   defining Unicode char U+00C6 (decimal 198)
   defining Unicode char U+00C7 (decimal 199)
   defining Unicode char U+00C8 (decimal 200)
   defining Unicode char U+00C9 (decimal 201)
   defining Unicode char U+00CA (decimal 202)
   defining Unicode char U+00CB (decimal 203)
   defining Unicode char U+00CC (decimal 204)
   defining Unicode char U+00CD (decimal 205)
   defining Unicode char U+00CE (decimal 206)
   defining Unicode char U+00CF (decimal 207)
   defining Unicode char U+00D0 (decimal 208)
   defining Unicode char U+00D1 (decimal 209)
   defining Unicode char U+00D2 (decimal 210)
   defining Unicode char U+00D3 (decimal 211)
   defining Unicode char U+00D4 (decimal 212)
   defining Unicode char U+00D5 (decimal 213)
   defining Unicode char U+00D6 (decimal 214)
   defining Unicode char U+00D8 (decimal 216)
   defining Unicode char U+00D9 (decimal 217)
   defining Unicode char U+00DA (decimal 218)
   defining Unicode char U+00DB (decimal 219)
   defining Unicode char U+00DC (decimal 220)
   defining Unicode char U+00DD (decimal 221)
   defining Unicode char U+00DE (decimal 222)
   defining Unicode char U+00DF (decimal 223)
   defining Unicode char U+00E0 (decimal 224)
   defining Unicode char U+00E1 (decimal 225)
   defining Unicode char U+00E2 (decimal 226)
   defining Unicode char U+00E3 (decimal 227)
   defining Unicode char U+00E4 (decimal 228)
   defining Unicode char U+00E5 (decimal 229)
   defining Unicode char U+00E6 (decimal 230)
   defining Unicode char U+00E7 (decimal 231)
   defining Unicode char U+00E8 (decimal 232)
   defining Unicode char U+00E9 (decimal 233)
   defining Unicode char U+00EA (decimal 234)
   defining Unicode char U+00EB (decimal 235)
   defining Unicode char U+00EC (decimal 236)
   defining Unicode char U+00ED (decimal 237)
   defining Unicode char U+00EE (decimal 238)
   defining Unicode char U+00EF (decimal 239)
   defining Unicode char U+00F0 (decimal 240)
   defining Unicode char U+00F1 (decimal 241)
   defining Unicode char U+00F2 (decimal 242)
   defining Unicode char U+00F3 (decimal 243)
   defining Unicode char U+00F4 (decimal 244)
   defining Unicode char U+00F5 (decimal 245)
   defining Unicode char U+00F6 (decimal 246)
   defining Unicode char U+00F8 (decimal 248)
   defining Unicode char U+00F9 (decimal 249)
   defining Unicode char U+00FA (decimal 250)
   defining Unicode char U+00FB (decimal 251)
   defining Unicode char U+00FC (decimal 252)
   defining Unicode char U+00FD (decimal 253)
   defining Unicode char U+00FE (decimal 254)
   defining Unicode char U+00FF (decimal 255)
   defining Unicode char U+0102 (decimal 258)
   defining Unicode char U+0103 (decimal 259)
   defining Unicode char U+0104 (decimal 260)
   defining Unicode char U+0105 (decimal 261)
   defining Unicode char U+0106 (decimal 262)
   defining Unicode char U+0107 (decimal 263)
   defining Unicode char U+010C (decimal 268)
   defining Unicode char U+010D (decimal 269)
   defining Unicode char U+010E (decimal 270)
   defining Unicode char U+010F (decimal 271)
   defining Unicode char U+0110 (decimal 272)
   defining Unicode char U+0111 (decimal 273)
   defining Unicode char U+0118 (decimal 280)
   defining Unicode char U+0119 (decimal 281)
   defining Unicode char U+011A (decimal 282)
   defining Unicode char U+011B (decimal 283)
   defining Unicode char U+011E (decimal 286)
   defining Unicode char U+011F (decimal 287)
   defining Unicode char U+0130 (decimal 304)
   defining Unicode char U+0131 (decimal 305)
   defining Unicode char U+0139 (decimal 313)
   defining Unicode char U+013A (decimal 314)
   defining Unicode char U+013D (decimal 317)
   defining Unicode char U+013E (decimal 318)
   defining Unicode char U+0141 (decimal 321)
   defining Unicode char U+0142 (decimal 322)
   defining Unicode char U+0143 (decimal 323)
   defining Unicode char U+0144 (decimal 324)
   defining Unicode char U+0147 (decimal 327)
   defining Unicode char U+0148 (decimal 328)
   defining Unicode char U+014A (decimal 330)
   defining Unicode char U+014B (decimal 331)
   defining Unicode char U+0150 (decimal 336)
   defining Unicode char U+0151 (decimal 337)
   defining Unicode char U+0152 (decimal 338)
   defining Unicode char U+0153 (decimal 339)
   defining Unicode char U+0154 (decimal 340)
   defining Unicode char U+0155 (decimal 341)
   defining Unicode char U+0158 (decimal 344)
   defining Unicode char U+0159 (decimal 345)
   defining Unicode char U+015A (decimal 346)
   defining Unicode char U+015B (decimal 347)
   defining Unicode char U+015E (decimal 350)
   defining Unicode char U+015F (decimal 351)
   defining Unicode char U+0160 (decimal 352)
   defining Unicode char U+0161 (decimal 353)
   defining Unicode char U+0162 (decimal 354)
   defining Unicode char U+0163 (decimal 355)
   defining Unicode char U+0164 (decimal 356)
   defining Unicode char U+0165 (decimal 357)
   defining Unicode char U+016E (decimal 366)
   defining Unicode char U+016F (decimal 367)
   defining Unicode char U+0170 (decimal 368)
   defining Unicode char U+0171 (decimal 369)
   defining Unicode char U+0178 (decimal 376)
   defining Unicode char U+0179 (decimal 377)
   defining Unicode char U+017A (decimal 378)
   defining Unicode char U+017B (decimal 379)
   defining Unicode char U+017C (decimal 380)
   defining Unicode char U+017D (decimal 381)
   defining Unicode char U+017E (decimal 382)
   defining Unicode char U+200C (decimal 8204)
   defining Unicode char U+2013 (decimal 8211)
   defining Unicode char U+2014 (decimal 8212)
   defining Unicode char U+2018 (decimal 8216)
   defining Unicode char U+2019 (decimal 8217)
   defining Unicode char U+201A (decimal 8218)
   defining Unicode char U+201C (decimal 8220)
   defining Unicode char U+201D (decimal 8221)
   defining Unicode char U+201E (decimal 8222)
   defining Unicode char U+2030 (decimal 8240)
   defining Unicode char U+2031 (decimal 8241)
   defining Unicode char U+2039 (decimal 8249)
   defining Unicode char U+203A (decimal 8250)
   defining Unicode char U+2423 (decimal 9251)
)
Now handling font encoding OT1 ...
... processing UTF-8 mapping file for font encoding OT1

(/usr/share/texmf-tetex/tex/latex/base/ot1enc.dfu
File: ot1enc.dfu 2004/02/09 v1.1b UTF-8 support for inputenc
   defining Unicode char U+00A1 (decimal 161)
   defining Unicode char U+00A3 (decimal 163)
   defining Unicode char U+00B8 (decimal 184)
   defining Unicode char U+00BF (decimal 191)
   defining Unicode char U+00C5 (decimal 197)
   defining Unicode char U+00C6 (decimal 198)
   defining Unicode char U+00D8 (decimal 216)
   defining Unicode char U+00DF (decimal 223)
   defining Unicode char U+00E6 (decimal 230)
   defining Unicode char U+00EC (decimal 236)
   defining Unicode char U+00ED (decimal 237)
   defining Unicode char U+00EE (decimal 238)
   defining Unicode char U+00EF (decimal 239)
   defining Unicode char U+00F8 (decimal 248)
   defining Unicode char U+0131 (decimal 305)
   defining Unicode char U+0141 (decimal 321)
   defining Unicode char U+0142 (decimal 322)
   defining Unicode char U+0152 (decimal 338)
   defining Unicode char U+0153 (decimal 339)
   defining Unicode char U+2013 (decimal 8211)
   defining Unicode char U+2014 (decimal 8212)
   defining Unicode char U+2018 (decimal 8216)
   defining Unicode char U+2019 (decimal 8217)
   defining Unicode char U+201C (decimal 8220)
   defining Unicode char U+201D (decimal 8221)
)
Now handling font encoding OMS ...
... processing UTF-8 mapping file for font encoding OMS

(/usr/share/texmf-tetex/tex/latex/base/omsenc.dfu
File: omsenc.dfu 2004/02/09 v1.1b UTF-8 support for inputenc
   defining Unicode char U+00A7 (decimal 167)
   defining Unicode char U+00B6 (decimal 182)
   defining Unicode char U+02D9 (decimal 729)
   defining Unicode char U+2020 (decimal 8224)
   defining Unicode char U+2021 (decimal 8225)
   defining Unicode char U+2022 (decimal 8226)
)
Now handling font encoding OMX ...
... no UTF-8 mapping file for font encoding OMX
Now handling font encoding U ...
... no UTF-8 mapping file for font encoding U
   defining Unicode char U+00A9 (decimal 169)
   defining Unicode char U+00AA (decimal 170)
   defining Unicode char U+00AE (decimal 174)
   defining Unicode char U+00BA (decimal 186)
   defining Unicode char U+02C6 (decimal 710)
   defining Unicode char U+02CA (decimal 714)
   defining Unicode char U+200C (decimal 8204)
   defining Unicode char U+2026 (decimal 8230)
   defining Unicode char U+2122 (decimal 8482)
   defining Unicode char U+2423 (decimal 9251)
))
(/usr/share/texmf-tetex/tex/latex/fancyhdr/fancyhdr.sty
\fancy@headwidth=\skip45
\f@ncyO@elh=\skip46
\f@ncyO@erh=\skip47
\f@ncyO@olh=\skip48
\f@ncyO@orh=\skip49
\f@ncyO@elf=\skip50
\f@ncyO@erf=\skip51
\f@ncyO@olf=\skip52
\f@ncyO@orf=\skip53
)
(/usr/share/texmf-tetex/tex/latex/graphics/graphicx.sty
Package: graphicx 1999/02/16 v1.0f Enhanced LaTeX Graphics (DPC,SPQR)

(/usr/share/texmf-tetex/tex/latex/graphics/keyval.sty
Package: keyval 1999/03/16 v1.13 key=value parser (DPC)
\KV@toks@=\toks18
)
(/usr/share/texmf-tetex/tex/latex/graphics/graphics.sty
Package: graphics 2001/07/07 v1.0n Standard LaTeX Graphics (DPC,SPQR)

(/usr/share/texmf-tetex/tex/latex/graphics/trig.sty
Package: trig 1999/03/16 v1.09 sin cos tan (DPC)
)
(/usr/share/texmf-tetex/tex/latex/graphics/graphics.cfg
File: graphics.cfg 2005/02/03 v1.3 graphics configuration of teTeX/TeXLive
)
Package graphics Info: Driver file: dvips.def on input line 80.

(/usr/share/texmf-tetex/tex/latex/graphics/dvips.def
File: dvips.def 1999/02/16 v3.0i Driver-dependant file (DPC,SPQR)
))
\Gin@req@height=\dimen124
\Gin@req@width=\dimen125
)
(/usr/share/texmf-tetex/tex/latex/graphics/epsfig.sty
Package: epsfig 1999/02/16 v1.7a (e)psfig emulation (SPQR)
\epsfxsize=\dimen126
\epsfysize=\dimen127
)
(/usr/share/texmf-tetex/tex/latex/a4wide/a4wide.sty
Package: a4wide 1994/08/30

(/usr/share/texmf-tetex/tex/latex/ntgclass/a4.sty
Package: a4 2004/04/15 v1.2g A4 based page layout
))
(/usr/share/texmf-tetex/tex/latex/amsfonts/amssymb.sty
Package: amssymb 2002/01/22 v2.2d

(/usr/share/texmf-tetex/tex/latex/amsfonts/amsfonts.sty
Package: amsfonts 2001/10/25 v2.2f
\@emptytoks=\toks19
\symAMSa=\mathgroup4
\symAMSb=\mathgroup5
LaTeX Font Info:    Overwriting math alphabet `\mathfrak' in version `bold'
(Font)                  U/euf/m/n --> U/euf/b/n on input line 132.
))
(./Requerimientos (otra copia).aux

LaTeX Warning: Label `requerimientos' multiply defined.

)
Runaway argument?
{\contentsline {subsection}{\numberline {5.2}Dise\IeC {\~n}o del Pr 
! File ended while scanning use of \@writefile.
<inserted text> 
                \par 
l.35 \begin{document}
                     
I suspect you have forgotten a `}', causing me
to read past where you wanted me to stop.
I'll try to recover; but if the error is serious,
you'd better type `E' or `X' now and fix your file.

\openout1 = `"Requerimientos (otra copia).aux"'.

LaTeX Font Info:    Checking defaults for OML/cmm/m/it on input line 35.
LaTeX Font Info:    ... okay on input line 35.
LaTeX Font Info:    Checking defaults for T1/cmr/m/n on input line 35.
LaTeX Font Info:    ... okay on input line 35.
LaTeX Font Info:    Checking defaults for OT1/cmr/m/n on input line 35.
LaTeX Font Info:    ... okay on input line 35.
LaTeX Font Info:    Checking defaults for OMS/cmsy/m/n on input line 35.
LaTeX Font Info:    ... okay on input line 35.
LaTeX Font Info:    Checking defaults for OMX/cmex/m/n on input line 35.
LaTeX Font Info:    ... okay on input line 35.
LaTeX Font Info:    Checking defaults for U/cmr/m/n on input line 35.
LaTeX Font Info:    ... okay on input line 35.
LaTeX Font Info:    Try loading font information for U+msa on input line 48.
(/usr/share/texmf-tetex/tex/latex/amsfonts/umsa.fd
File: umsa.fd 2002/01/19 v2.2g AMS font definitions
)
LaTeX Font Info:    Try loading font information for U+msb on input line 48.

(/usr/share/texmf-tetex/tex/latex/amsfonts/umsb.fd
File: umsb.fd 2002/01/19 v2.2g AMS font definitions
)

LaTeX Warning: Citation `libro' on page 1 undefined on input line 69.


LaTeX Warning: Citation `fiadeiro' on page 1 undefined on input line 74.


LaTeX Warning: Citation ` sartorio' on page 1 undefined on input line 74.


LaTeX Warning: Citation `libro' on page 1 undefined on input line 74.

[1

]

LaTeX Warning: Citation `libro' on page 2 undefined on input line 89.


LaTeX Warning: Reference `s2' on page 2 undefined on input line 119.

[2]

! LaTeX Error: Cannot determine size of graphic in contratos_ca.jpg (no Boundin
gBox).

See the LaTeX manual or LaTeX Companion for explanation.
Type  H <return>  for immediate help.
 ...                                              
                                                  
l.142 ... 4 in,totalheight=2 in]{contratos_ca.jpg}
                                                  
Try typing  <return>  to proceed.
If that doesn't work, type  X <return>  to quit.

File: contratos_ca.jpg Graphic file (type eps)
<contratos_ca.jpg> [3]
Underfull \vbox (badness 10000) has occurred while \output is active []

 [4]

LaTeX Warning: Citation `5' on page 5 undefined on input line 179.


LaTeX Warning: Citation `10' on page 5 undefined on input line 179.


LaTeX Warning: Citation `12' on page 5 undefined on input line 179.

[5]

LaTeX Warning: Reference `introduccion' on page 6 undefined on input line 187.

File: drobab.eps Graphic file (type eps)
<drobab.eps>

LaTeX Warning: Command \' invalid in math mode on input line 201.

! Please use \mathaccent for accents in math mode.
\add@accent ...@spacefactor \spacefactor }\accent 
                                                  #1 #2\egroup \spacefactor ...
l.201 ...el sistema. El objeto $Flujo de Ejecuci√≥
                                                  n$ representa del √≥rden l...
I'm changing \accent to \mathaccent here; wish me luck.
(Accents are not the same in formulas as they are in text.)

! You can't use `\spacefactor' in math mode.
\add@accent ...}\accent #1 #2\egroup \spacefactor 
                                                  \accent@spacefactor 
l.201 ...el sistema. El objeto $Flujo de Ejecuci√≥
                                                  n$ representa del √≥rden l...
Sorry, but I'm not programmed to handle this case;
I'll just pretend that you didn't ask for it.
If you're in the wrong mode, you might be able to
return to the right one by typing `I}' or `I$' or `I\par'.

Missing character: There is no Ë in font cmex10!

LaTeX Warning: Command \' invalid in math mode on input line 201.

! Please use \mathaccent for accents in math mode.
\add@accent ...@spacefactor \spacefactor }\accent 
                                                  #1 #2\egroup \spacefactor ...
l.201 ...ista est√°tico) y el $Modelo de Ejecuci√≥
                                                  n$ para la definici√≥n de ...
I'm changing \accent to \mathaccent here; wish me luck.
(Accents are not the same in formulas as they are in text.)

! You can't use `\spacefactor' in math mode.
\add@accent ...}\accent #1 #2\egroup \spacefactor 
                                                  \accent@spacefactor 
l.201 ...ista est√°tico) y el $Modelo de Ejecuci√≥
                                                  n$ para la definici√≥n de ...
Sorry, but I'm not programmed to handle this case;
I'll just pretend that you didn't ask for it.
If you're in the wrong mode, you might be able to
return to the right one by typing `I}' or `I$' or `I\par'.

Missing character: There is no Ë in font cmex10!

LaTeX Warning: Command \' invalid in math mode on input line 203.

! Please use \mathaccent for accents in math mode.
\add@accent ...@spacefactor \spacefactor }\accent 
                                                  #1 #2\egroup \spacefactor ...
l.203 ...de agregaci√≥n en el $Modelo de Ejecuci√≥
                                                  n$), conjuntamente con un ...
I'm changing \accent to \mathaccent here; wish me luck.
(Accents are not the same in formulas as they are in text.)

! You can't use `\spacefactor' in math mode.
\add@accent ...}\accent #1 #2\egroup \spacefactor 
                                                  \accent@spacefactor 
l.203 ...de agregaci√≥n en el $Modelo de Ejecuci√≥
                                                  n$), conjuntamente con un ...
Sorry, but I'm not programmed to handle this case;
I'll just pretend that you didn't ask for it.
If you're in the wrong mode, you might be able to
return to the right one by typing `I}' or `I$' or `I\par'.

Missing character: There is no Ë in font cmex10!
[6]
Overfull \hbox (7.80338pt too wide) in paragraph at lines 205--206
[]\OT1/cmr/m/n/10 De esta man-era quedan con-for-ma-dos los el-e-men-tos que co
m-po-nen el mod-elo DRObAb (rect^^Sangulo
 []

! Missing \endcsname inserted.
<to be read again> 
                   \unhbox 
l.210 ...(definidos en la secci√≥n \ref{secci√≥n1}
                                                  ). En base a experiencias ...
The control sequence marked <to be read again> should
not appear between \csname and \endcsname.


LaTeX Warning: Reference `\voidb@x ' on page 7 undefined on input line 210.

! Extra \endcsname.
\ref ...pandafter \@setref \csname r@#1\endcsname 
                                                  \@firstoftwo {#1}
l.210 ...(definidos en la secci√≥n \ref{secci√≥n1}
                                                  ). En base a experiencias ...
I'm ignoring this, since I wasn't doing a \csname.

! Missing \endcsname inserted.
<to be read again> 
                   \unhbox 
l.212 ...(definidos en la secci√≥n \ref{secci√≥n1}
                                                  ). En base a experiencias ...
The control sequence marked <to be read again> should
not appear between \csname and \endcsname.


LaTeX Warning: Reference `\voidb@x ' on page 7 undefined on input line 212.

! Extra \endcsname.
\ref ...pandafter \@setref \csname r@#1\endcsname 
                                                  \@firstoftwo {#1}
l.212 ...(definidos en la secci√≥n \ref{secci√≥n1}
                                                  ). En base a experiencias ...
I'm ignoring this, since I wasn't doing a \csname.


Underfull \hbox (badness 10000) in paragraph at lines 216--218

 []


LaTeX Warning: Citation `interconecting' on page 7 undefined on input line 219.



LaTeX Warning: Citation `information_object' on page 7 undefined on input line 
232.


Underfull \hbox (badness 10000) in paragraph at lines 232--234

 []


LaTeX Warning: Citation `libro' on page 7 undefined on input line 246.


LaTeX Warning: Citation `ObraAbierta' on page 7 undefined on input line 246.

[7]

LaTeX Warning: Reference `procesodiseno' on page 8 undefined on input line 248.



LaTeX Warning: Citation `UWA' on page 8 undefined on input line 248.


LaTeX Warning: Citation `libro7' on page 8 undefined on input line 248.

File: procesodiseno.eps Graphic file (type eps)
<procesodiseno.eps>

LaTeX Warning: Citation `UWA' on page 8 undefined on input line 272.


LaTeX Warning: Citation `libro7' on page 8 undefined on input line 274.


LaTeX Warning: Citation `libro5' on page 8 undefined on input line 274.


LaTeX Warning: Citation `contratos' on page 8 undefined on input line 274.


LaTeX Warning: Citation `libro5' on page 8 undefined on input line 274.

[8]
File: Requerimientos.eps Graphic file (type eps)
 <Requerimientos.eps>
Overfull \hbox (9.02913pt too wide) in paragraph at lines 278--279
 [] 
 []


LaTeX Warning: Citation `UWA+' on page 9 undefined on input line 286.


LaTeX Warning: Reference `ejecucion de procesos' on page 9 undefined on input l
ine 286.

File: proceso.eps Graphic file (type eps)
<proceso.eps> [9]
! Missing { inserted.
<to be read again> 
                   $
l.312 ...ortlet, rundata, context & &  	context$_$
                                                  identifier, identifier 	\\
A left brace was mandatory here, so I've put one in.
You might want to delete and/or insert some corrections
so that I will find a matching right brace soon.
(If you're confused by all this, try typing `I}' now.)

! Missing } inserted.
<inserted text> 
                }
l.312 ...ortlet, rundata, context & &  	context$_$
                                                  identifier, identifier 	\\
I've inserted something that you may have forgotten.
(See the <inserted text> above.)
With luck, this will get me unwedged. But if you
really didn't forget anything, try typing `2' now; then
my insertion and my current dilemma will both disappear.

! Missing \cr inserted.
<inserted text> 
                \cr 
l.314  string); regla 2}}
                           \\
I'm guessing that you meant to end an alignment here.

! Missing { inserted.
<inserted text> 
                {
l.314  string); regla 2}}
                           \\
I've put in what seems to be necessary to fix
the current column of the current alignment.
Try to go on, since this might almost work.

! Misplaced \cr.
\reserved@c ->\ifnum 0=`{\fi }\cr 
                                  
l.315 4
       .& \textit{Pre-Cond}: & existe $<contexto>$ 	& 	& existe $<contexto>$...
I can't figure out why you would want to use a tab mark
or \cr or \span just now. If something like a right brace
up above has ended a previous alignment prematurely,
you're probably due for more error messages, and you
might try typing `S' now just to see what is salvageable.

! Misplaced alignment tab character &.
l.315 4.&
          \textit{Pre-Cond}: & existe $<contexto>$ 	& 	& existe $<contexto>$...
I can't figure out why you would want to use a tab mark
here. If you just want an ampersand, the remedy is
simple: Just type `I\&' now. But if some right brace
up above has ended a previous alignment prematurely,
you're probably due for more error messages, and you
might try typing `S' now just to see what is salvageable.

! Misplaced alignment tab character &.
l.315 4.& \textit{Pre-Cond}: &
                               existe $<contexto>$ 	& 	& existe $<contexto>$...
I can't figure out why you would want to use a tab mark
here. If you just want an ampersand, the remedy is
simple: Just type `I\&' now. But if some right brace
up above has ended a previous alignment prematurely,
you're probably due for more error messages, and you
might try typing `S' now just to see what is salvageable.

! Misplaced alignment tab character &.
l.315 ...extit{Pre-Cond}: & existe $<contexto>$ 	&
                                                   	& existe $<contexto>$  \\
I can't figure out why you would want to use a tab mark
here. If you just want an ampersand, the remedy is
simple: Just type `I\&' now. But if some right brace
up above has ended a previous alignment prematurely,
you're probably due for more error messages, and you
might try typing `S' now just to see what is salvageable.

! Misplaced alignment tab character &.
l.315 ...it{Pre-Cond}: & existe $<contexto>$ 	& 	&
                                                   existe $<contexto>$  \\
I can't figure out why you would want to use a tab mark
here. If you just want an ampersand, the remedy is
simple: Just type `I\&' now. But if some right brace
up above has ended a previous alignment prematurely,
you're probably due for more error messages, and you
might try typing `S' now just to see what is salvageable.

! Misplaced \cr.
\reserved@c ->\ifnum 0=`{\fi }\cr 
                                  
l.316 5
       .& \textit{Pos-Cond}: & modifica $<contexto>$ 	& 	& \\
I can't figure out why you would want to use a tab mark
or \cr or \span just now. If something like a right brace
up above has ended a previous alignment prematurely,
you're probably due for more error messages, and you
might try typing `S' now just to see what is salvageable.

! Misplaced alignment tab character &.
l.316 5.&
          \textit{Pos-Cond}: & modifica $<contexto>$